Using device: cuda
number of nodes: 7624
number of edges: 55612
load train_graph and test_graph success.
train_graph number of nodes: 7624 train_graph number of edges: 100100
test_graph number of nodes: 7624 test_graph number of edges: 11124
before cat features shape: torch.Size([7624, 7624])
after cat features shape: torch.Size([7624, 7629])
Epoch 20/1600, Loss: 0.5918
Epoch 40/1600, Loss: 0.5734
Epoch 60/1600, Loss: 0.5659
Epoch 80/1600, Loss: 0.5584
Epoch 100/1600, Loss: 0.5523
Epoch 120/1600, Loss: 0.5477
Epoch 140/1600, Loss: 0.5430
Epoch 160/1600, Loss: 0.5369
Epoch 180/1600, Loss: 0.5280
Epoch 200/1600, Loss: 0.5171
Epoch 220/1600, Loss: 0.5067
Epoch 240/1600, Loss: 0.4978
Epoch 260/1600, Loss: 0.4897
Epoch 280/1600, Loss: 0.4820
Epoch 300/1600, Loss: 0.4743
Epoch 320/1600, Loss: 0.4670
Epoch 340/1600, Loss: 0.4604
Epoch 360/1600, Loss: 0.4545
Epoch 380/1600, Loss: 0.4494
Epoch 400/1600, Loss: 0.4448
Epoch 420/1600, Loss: 0.4408
Epoch 440/1600, Loss: 0.4366
Epoch 460/1600, Loss: 0.4331
Epoch 480/1600, Loss: 0.4301
Epoch 500/1600, Loss: 0.4271
Epoch 520/1600, Loss: 0.4244
Epoch 540/1600, Loss: 0.4220
Epoch 560/1600, Loss: 0.4195
Epoch 580/1600, Loss: 0.4169
Epoch 600/1600, Loss: 0.4144
Epoch 620/1600, Loss: 0.4120
Epoch 640/1600, Loss: 0.4096
Epoch 660/1600, Loss: 0.4075
Epoch 680/1600, Loss: 0.4057
Epoch 700/1600, Loss: 0.4035
Epoch 720/1600, Loss: 0.4016
Epoch 740/1600, Loss: 0.4001
Epoch 760/1600, Loss: 0.3986
Epoch 780/1600, Loss: 0.3972
Epoch 800/1600, Loss: 0.3961
Epoch 820/1600, Loss: 0.3952
Epoch 840/1600, Loss: 0.3940
Epoch 860/1600, Loss: 0.3927
Epoch 880/1600, Loss: 0.3917
Epoch 900/1600, Loss: 0.3909
Epoch 920/1600, Loss: 0.3901
Epoch 940/1600, Loss: 0.3893
Epoch 960/1600, Loss: 0.3884
Epoch 980/1600, Loss: 0.3877
Epoch 1000/1600, Loss: 0.3870
Epoch 1020/1600, Loss: 0.3866
Epoch 1040/1600, Loss: 0.3860
Epoch 1060/1600, Loss: 0.3853
Epoch 1080/1600, Loss: 0.3848
Epoch 1100/1600, Loss: 0.3843
Epoch 1120/1600, Loss: 0.3838
Epoch 1140/1600, Loss: 0.3835
Epoch 1160/1600, Loss: 0.3833
Epoch 1180/1600, Loss: 0.3826
Epoch 1200/1600, Loss: 0.3821
Epoch 1220/1600, Loss: 0.3817
Epoch 1240/1600, Loss: 0.3814
Epoch 1260/1600, Loss: 0.3810
Epoch 1280/1600, Loss: 0.3806
Epoch 1300/1600, Loss: 0.3803
Epoch 1320/1600, Loss: 0.3800
Epoch 1340/1600, Loss: 0.3797
Epoch 1360/1600, Loss: 0.3793
Epoch 1380/1600, Loss: 0.3790
Epoch 1400/1600, Loss: 0.3788
Epoch 1420/1600, Loss: 0.3784
Epoch 1440/1600, Loss: 0.3782
Epoch 1460/1600, Loss: 0.3778
Epoch 1480/1600, Loss: 0.3776
Epoch 1500/1600, Loss: 0.3777
Epoch 1520/1600, Loss: 0.3772
Epoch 1540/1600, Loss: 0.3768
Epoch 1560/1600, Loss: 0.3766
Epoch 1580/1600, Loss: 0.3764
Epoch 1600/1600, Loss: 0.3762
Test AUC: 0.8044
